<?xml version="1.0" encoding="UTF-8"?>
<testng-results ignored="0" total="1" passed="1" failed="0" skipped="0">
  <reporter-output>
  </reporter-output>
  <suite started-at="2023-11-20T13:32:36 IST" name="Default suite" finished-at="2023-11-20T13:33:52 IST" duration-ms="75329">
    <groups>
    </groups>
    <test started-at="2023-11-20T13:32:36 IST" name="Default test" finished-at="2023-11-20T13:33:52 IST" duration-ms="75329">
      <class name="Vtiger_Adv_Selenium.CreateContact2">
        <test-method signature="login()[pri:0, instance:Vtiger_Adv_Selenium.CreateContact2@1e0b4072]" started-at="2023-11-20T13:32:36 IST" name="login" finished-at="2023-11-20T13:33:52 IST" duration-ms="75286" status="PASS">
          <reporter-output>
          </reporter-output>
        </test-method> <!-- login -->
      </class> <!-- Vtiger_Adv_Selenium.CreateContact2 -->
    </test> <!-- Default test -->
  </suite> <!-- Default suite -->
</testng-results>
