<?xml version="1.0" encoding="UTF-8"?>
<testng-results ignored="0" total="1" passed="1" failed="0" skipped="0">
  <reporter-output>
    <line>
      <![CDATA[--Connect to the database--]]>
    </line>
    <line>
      <![CDATA[Clicking menu & selecting organization for POM]]>
    </line>
    <line>
      <![CDATA[Entering the organization name]]>
    </line>
    <line>
      <![CDATA[Assigining to the group]]>
    </line>
    <line>
      <![CDATA[Saving the organization details]]>
    </line>
    <line>
      <![CDATA[--Disconnect the database--]]>
    </line>
  </reporter-output>
  <suite started-at="2023-11-22T10:17:44 IST" name="Default suite" finished-at="2023-11-22T10:18:30 IST" duration-ms="46068">
    <groups>
    </groups>
    <test started-at="2023-11-22T10:17:44 IST" name="Default test" finished-at="2023-11-22T10:18:30 IST" duration-ms="46068">
      <class name="POMProjBase.OrganizationPOM">
        <test-method is-config="true" signature="dbCon()[pri:0, instance:POMProjBase.OrganizationPOM@19e4653c]" started-at="2023-11-22T10:17:44 IST" name="dbCon" finished-at="2023-11-22T10:17:44 IST" duration-ms="8" status="PASS">
          <reporter-output>
            <line>
              <![CDATA[--Connect to the database--]]>
            </line>
          </reporter-output>
        </test-method> <!-- dbCon -->
        <test-method is-config="true" signature="lauch()[pri:0, instance:POMProjBase.OrganizationPOM@19e4653c]" started-at="2023-11-22T10:17:44 IST" name="lauch" finished-at="2023-11-22T10:17:51 IST" duration-ms="7195" status="PASS">
          <reporter-output>
          </reporter-output>
        </test-method> <!-- lauch -->
        <test-method is-config="true" signature="loginVtiger()[pri:0, instance:POMProjBase.OrganizationPOM@19e4653c]" started-at="2023-11-22T10:17:51 IST" name="loginVtiger" finished-at="2023-11-22T10:17:59 IST" duration-ms="7563" status="PASS">
          <reporter-output>
          </reporter-output>
        </test-method> <!-- loginVtiger -->
        <test-method signature="login()[pri:0, instance:POMProjBase.OrganizationPOM@19e4653c]" started-at="2023-11-22T10:17:59 IST" name="login" finished-at="2023-11-22T10:18:27 IST" duration-ms="27717" status="PASS">
          <reporter-output>
            <line>
              <![CDATA[Clicking menu & selecting organization for POM]]>
            </line>
            <line>
              <![CDATA[Entering the organization name]]>
            </line>
            <line>
              <![CDATA[Assigining to the group]]>
            </line>
            <line>
              <![CDATA[Saving the organization details]]>
            </line>
          </reporter-output>
        </test-method> <!-- login -->
        <test-method is-config="true" signature="logoutVtiger()[pri:0, instance:POMProjBase.OrganizationPOM@19e4653c]" started-at="2023-11-22T10:18:27 IST" name="logoutVtiger" finished-at="2023-11-22T10:18:30 IST" duration-ms="3430" status="PASS">
          <reporter-output>
          </reporter-output>
        </test-method> <!-- logoutVtiger -->
        <test-method is-config="true" signature="closeWindow()[pri:0, instance:POMProjBase.OrganizationPOM@19e4653c]" started-at="2023-11-22T10:18:30 IST" name="closeWindow" finished-at="2023-11-22T10:18:30 IST" duration-ms="130" status="PASS">
          <reporter-output>
          </reporter-output>
        </test-method> <!-- closeWindow -->
        <test-method is-config="true" signature="dbDiscon()[pri:0, instance:POMProjBase.OrganizationPOM@19e4653c]" started-at="2023-11-22T10:18:30 IST" name="dbDiscon" finished-at="2023-11-22T10:18:30 IST" duration-ms="0" status="PASS">
          <reporter-output>
            <line>
              <![CDATA[--Disconnect the database--]]>
            </line>
          </reporter-output>
        </test-method> <!-- dbDiscon -->
      </class> <!-- POMProjBase.OrganizationPOM -->
    </test> <!-- Default test -->
  </suite> <!-- Default suite -->
</testng-results>
